{"contracts/NFTEX.sol":{"l":{"38":40,"39":39,"40":39,"46":20,"47":20,"48":20,"49":9,"51":4,"52":4,"54":7,"55":7,"56":7,"57":7,"62":6,"66":7,"73":12,"74":11,"78":14,"82":14,"93":39,"96":36,"97":36,"98":36,"99":36,"102":36,"104":33,"108":36,"122":23,"123":23,"124":23,"125":23,"127":23,"128":21,"129":20,"130":17,"132":16,"133":8,"135":8,"138":13,"139":2,"142":13,"143":13,"145":13,"146":7,"149":13,"153":17,"154":17,"155":17,"156":16,"157":14,"158":13,"160":11,"161":11,"163":9,"165":9,"166":9,"167":9,"168":9,"169":5,"172":9,"174":9,"180":7,"181":7,"182":7,"183":7,"185":6,"186":5,"187":3,"189":2,"190":2,"191":2,"193":2,"195":2,"197":2,"198":2,"199":2,"201":2,"206":7,"207":7,"208":6,"209":5,"211":4,"212":4,"214":4,"216":4,"217":4,"223":4,"227":2,"228":1},"path":"/Users/thegreathb/workspace/NFTEX/contracts/NFTEX.sol","s":{"1":40,"2":39,"3":39,"4":20,"5":20,"6":20,"7":9,"8":11,"9":4,"10":4,"11":7,"12":7,"13":7,"14":7,"15":6,"16":7,"17":12,"18":11,"19":14,"20":14,"21":39,"22":36,"23":36,"24":36,"25":36,"26":36,"27":33,"28":36,"29":23,"30":23,"31":23,"32":23,"33":23,"34":21,"35":20,"36":17,"37":16,"38":8,"39":8,"40":13,"41":2,"42":13,"43":13,"44":13,"45":7,"46":13,"47":17,"48":17,"49":17,"50":16,"51":14,"52":13,"53":11,"54":11,"55":9,"56":9,"57":9,"58":9,"59":9,"60":5,"61":9,"62":9,"63":7,"64":7,"65":7,"66":7,"67":6,"68":5,"69":3,"70":2,"71":2,"72":2,"73":2,"74":2,"75":2,"76":2,"77":2,"78":2,"79":7,"80":7,"81":6,"82":5,"83":4,"84":4,"85":4,"86":4,"87":4,"88":4,"89":2,"90":1},"b":{"1":[39,1],"2":[9,11],"3":[4,7],"4":[11,1],"5":[36,3],"6":[21,2],"7":[20,1],"8":[17,3],"9":[16,1],"10":[8,8],"11":[7,1],"12":[6,2],"13":[2,11],"14":[7,6],"15":[16,1],"16":[14,2],"17":[13,1],"18":[11,2],"19":[9,2],"20":[5,4],"21":[6,1],"22":[5,1],"23":[3,2],"24":[2,1],"25":[6,1],"26":[5,1],"27":[4,1],"28":[1,1]},"f":{"1":40,"2":20,"3":6,"4":7,"5":12,"6":14,"7":14,"8":39,"9":36,"10":23,"11":17,"12":7,"13":7,"14":4,"15":2},"fnMap":{"1":{"name":"constructor","line":37,"loc":{"start":{"line":37,"column":2},"end":{"line":41,"column":2}}},"2":{"name":"getCurrentPrice","line":45,"loc":{"start":{"line":45,"column":2},"end":{"line":59,"column":2}}},"3":{"name":"tokenOrderLength","line":61,"loc":{"start":{"line":61,"column":2},"end":{"line":63,"column":2}}},"4":{"name":"sellerOrderLength","line":65,"loc":{"start":{"line":65,"column":2},"end":{"line":67,"column":2}}},"5":{"name":"dutchAuction","line":72,"loc":{"start":{"line":72,"column":2},"end":{"line":75,"column":2}}},"6":{"name":"englishAuction","line":77,"loc":{"start":{"line":77,"column":2},"end":{"line":79,"column":2}}},"7":{"name":"fixedPrice","line":81,"loc":{"start":{"line":81,"column":2},"end":{"line":83,"column":2}}},"8":{"name":"_makeOrder","line":85,"loc":{"start":{"line":85,"column":2},"end":{"line":105,"column":2}}},"9":{"name":"_hash","line":107,"loc":{"start":{"line":107,"column":2},"end":{"line":109,"column":2}}},"10":{"name":"bid","line":121,"loc":{"start":{"line":121,"column":2},"end":{"line":150,"column":2}}},"11":{"name":"buyItNow","line":152,"loc":{"start":{"line":152,"column":2},"end":{"line":175,"column":2}}},"12":{"name":"claim","line":179,"loc":{"start":{"line":179,"column":2},"end":{"line":202,"column":2}}},"13":{"name":"cancelOrder","line":205,"loc":{"start":{"line":205,"column":2},"end":{"line":218,"column":2}}},"14":{"name":"setFeeAddress","line":222,"loc":{"start":{"line":222,"column":2},"end":{"line":224,"column":2}}},"15":{"name":"updateFeePercent","line":226,"loc":{"start":{"line":226,"column":2},"end":{"line":229,"column":2}}}},"statementMap":{"1":{"start":{"line":38,"column":4},"end":{"line":38,"column":65}},"2":{"start":{"line":39,"column":4},"end":{"line":39,"column":26}},"3":{"start":{"line":40,"column":4},"end":{"line":40,"column":27}},"4":{"start":{"line":46,"column":4},"end":{"line":46,"column":39}},"5":{"start":{"line":47,"column":4},"end":{"line":47,"column":33}},"6":{"start":{"line":48,"column":4},"end":{"line":48,"column":1590}},"7":{"start":{"line":49,"column":6},"end":{"line":49,"column":25}},"8":{"start":{"line":50,"column":11},"end":{"line":50,"column":1650}},"9":{"start":{"line":51,"column":6},"end":{"line":51,"column":43}},"10":{"start":{"line":52,"column":6},"end":{"line":52,"column":60}},"11":{"start":{"line":54,"column":6},"end":{"line":54,"column":40}},"12":{"start":{"line":55,"column":6},"end":{"line":55,"column":40}},"13":{"start":{"line":56,"column":6},"end":{"line":56,"column":84}},"14":{"start":{"line":57,"column":6},"end":{"line":57,"column":72}},"15":{"start":{"line":62,"column":4},"end":{"line":62,"column":45}},"16":{"start":{"line":66,"column":4},"end":{"line":66,"column":42}},"17":{"start":{"line":73,"column":4},"end":{"line":73,"column":81}},"18":{"start":{"line":74,"column":4},"end":{"line":74,"column":64}},"19":{"start":{"line":78,"column":4},"end":{"line":78,"column":56}},"20":{"start":{"line":82,"column":4},"end":{"line":82,"column":51}},"21":{"start":{"line":93,"column":4},"end":{"line":93,"column":71}},"22":{"start":{"line":96,"column":4},"end":{"line":96,"column":49}},"23":{"start":{"line":97,"column":4},"end":{"line":97,"column":134}},"24":{"start":{"line":98,"column":4},"end":{"line":98,"column":41}},"25":{"start":{"line":99,"column":4},"end":{"line":99,"column":41}},"26":{"start":{"line":102,"column":4},"end":{"line":102,"column":58}},"27":{"start":{"line":104,"column":4},"end":{"line":104,"column":49}},"28":{"start":{"line":108,"column":4},"end":{"line":108,"column":74}},"29":{"start":{"line":122,"column":4},"end":{"line":122,"column":39}},"30":{"start":{"line":123,"column":4},"end":{"line":123,"column":33}},"31":{"start":{"line":124,"column":4},"end":{"line":124,"column":41}},"32":{"start":{"line":125,"column":4},"end":{"line":125,"column":37}},"33":{"start":{"line":127,"column":4},"end":{"line":127,"column":56}},"34":{"start":{"line":128,"column":4},"end":{"line":128,"column":43}},"35":{"start":{"line":129,"column":4},"end":{"line":129,"column":49}},"36":{"start":{"line":130,"column":4},"end":{"line":130,"column":63}},"37":{"start":{"line":132,"column":4},"end":{"line":132,"column":5008}},"38":{"start":{"line":133,"column":6},"end":{"line":133,"column":78}},"39":{"start":{"line":135,"column":6},"end":{"line":135,"column":73}},"40":{"start":{"line":138,"column":4},"end":{"line":138,"column":5220}},"41":{"start":{"line":139,"column":6},"end":{"line":139,"column":31}},"42":{"start":{"line":142,"column":4},"end":{"line":142,"column":28}},"43":{"start":{"line":143,"column":4},"end":{"line":143,"column":29}},"44":{"start":{"line":145,"column":4},"end":{"line":145,"column":5399}},"45":{"start":{"line":146,"column":6},"end":{"line":146,"column":43}},"46":{"start":{"line":149,"column":4},"end":{"line":149,"column":63}},"47":{"start":{"line":153,"column":4},"end":{"line":153,"column":39}},"48":{"start":{"line":154,"column":4},"end":{"line":154,"column":33}},"49":{"start":{"line":155,"column":4},"end":{"line":155,"column":43}},"50":{"start":{"line":156,"column":4},"end":{"line":156,"column":48}},"51":{"start":{"line":157,"column":4},"end":{"line":157,"column":53}},"52":{"start":{"line":158,"column":4},"end":{"line":158,"column":45}},"53":{"start":{"line":160,"column":4},"end":{"line":160,"column":50}},"54":{"start":{"line":161,"column":4},"end":{"line":161,"column":52}},"55":{"start":{"line":163,"column":4},"end":{"line":163,"column":18}},"56":{"start":{"line":165,"column":4},"end":{"line":165,"column":51}},"57":{"start":{"line":166,"column":4},"end":{"line":166,"column":45}},"58":{"start":{"line":167,"column":4},"end":{"line":167,"column":32}},"59":{"start":{"line":168,"column":4},"end":{"line":168,"column":6176}},"60":{"start":{"line":169,"column":6},"end":{"line":169,"column":55}},"61":{"start":{"line":172,"column":4},"end":{"line":172,"column":65}},"62":{"start":{"line":174,"column":4},"end":{"line":174,"column":78}},"63":{"start":{"line":180,"column":4},"end":{"line":180,"column":39}},"64":{"start":{"line":181,"column":4},"end":{"line":181,"column":29}},"65":{"start":{"line":182,"column":4},"end":{"line":182,"column":37}},"66":{"start":{"line":183,"column":4},"end":{"line":183,"column":45}},"67":{"start":{"line":185,"column":4},"end":{"line":185,"column":77}},"68":{"start":{"line":186,"column":4},"end":{"line":186,"column":68}},"69":{"start":{"line":187,"column":4},"end":{"line":187,"column":48}},"70":{"start":{"line":189,"column":4},"end":{"line":189,"column":27}},"71":{"start":{"line":190,"column":4},"end":{"line":190,"column":31}},"72":{"start":{"line":191,"column":4},"end":{"line":191,"column":41}},"73":{"start":{"line":193,"column":4},"end":{"line":193,"column":51}},"74":{"start":{"line":195,"column":4},"end":{"line":195,"column":18}},"75":{"start":{"line":197,"column":4},"end":{"line":197,"column":43}},"76":{"start":{"line":198,"column":4},"end":{"line":198,"column":32}},"77":{"start":{"line":199,"column":4},"end":{"line":199,"column":61}},"78":{"start":{"line":201,"column":4},"end":{"line":201,"column":72}},"79":{"start":{"line":206,"column":4},"end":{"line":206,"column":39}},"80":{"start":{"line":207,"column":4},"end":{"line":207,"column":51}},"81":{"start":{"line":208,"column":4},"end":{"line":208,"column":48}},"82":{"start":{"line":209,"column":4},"end":{"line":209,"column":45}},"83":{"start":{"line":211,"column":4},"end":{"line":211,"column":27}},"84":{"start":{"line":212,"column":4},"end":{"line":212,"column":31}},"85":{"start":{"line":214,"column":4},"end":{"line":214,"column":17}},"86":{"start":{"line":216,"column":4},"end":{"line":216,"column":61}},"87":{"start":{"line":217,"column":4},"end":{"line":217,"column":56}},"88":{"start":{"line":223,"column":4},"end":{"line":223,"column":27}},"89":{"start":{"line":227,"column":4},"end":{"line":227,"column":62}},"90":{"start":{"line":228,"column":4},"end":{"line":228,"column":24}}},"branchMap":{"1":{"line":38,"type":"if","locations":[{"start":{"line":38,"column":4},"end":{"line":38,"column":4}},{"start":{"line":38,"column":4},"end":{"line":38,"column":4}}]},"2":{"line":48,"type":"if","locations":[{"start":{"line":48,"column":4},"end":{"line":48,"column":4}},{"start":{"line":48,"column":4},"end":{"line":48,"column":4}}]},"3":{"line":50,"type":"if","locations":[{"start":{"line":50,"column":11},"end":{"line":50,"column":11}},{"start":{"line":50,"column":11},"end":{"line":50,"column":11}}]},"4":{"line":73,"type":"if","locations":[{"start":{"line":73,"column":4},"end":{"line":73,"column":4}},{"start":{"line":73,"column":4},"end":{"line":73,"column":4}}]},"5":{"line":93,"type":"if","locations":[{"start":{"line":93,"column":4},"end":{"line":93,"column":4}},{"start":{"line":93,"column":4},"end":{"line":93,"column":4}}]},"6":{"line":127,"type":"if","locations":[{"start":{"line":127,"column":4},"end":{"line":127,"column":4}},{"start":{"line":127,"column":4},"end":{"line":127,"column":4}}]},"7":{"line":128,"type":"if","locations":[{"start":{"line":128,"column":4},"end":{"line":128,"column":4}},{"start":{"line":128,"column":4},"end":{"line":128,"column":4}}]},"8":{"line":129,"type":"if","locations":[{"start":{"line":129,"column":4},"end":{"line":129,"column":4}},{"start":{"line":129,"column":4},"end":{"line":129,"column":4}}]},"9":{"line":130,"type":"if","locations":[{"start":{"line":130,"column":4},"end":{"line":130,"column":4}},{"start":{"line":130,"column":4},"end":{"line":130,"column":4}}]},"10":{"line":132,"type":"if","locations":[{"start":{"line":132,"column":4},"end":{"line":132,"column":4}},{"start":{"line":132,"column":4},"end":{"line":132,"column":4}}]},"11":{"line":133,"type":"if","locations":[{"start":{"line":133,"column":6},"end":{"line":133,"column":6}},{"start":{"line":133,"column":6},"end":{"line":133,"column":6}}]},"12":{"line":135,"type":"if","locations":[{"start":{"line":135,"column":6},"end":{"line":135,"column":6}},{"start":{"line":135,"column":6},"end":{"line":135,"column":6}}]},"13":{"line":138,"type":"if","locations":[{"start":{"line":138,"column":4},"end":{"line":138,"column":4}},{"start":{"line":138,"column":4},"end":{"line":138,"column":4}}]},"14":{"line":145,"type":"if","locations":[{"start":{"line":145,"column":4},"end":{"line":145,"column":4}},{"start":{"line":145,"column":4},"end":{"line":145,"column":4}}]},"15":{"line":155,"type":"if","locations":[{"start":{"line":155,"column":4},"end":{"line":155,"column":4}},{"start":{"line":155,"column":4},"end":{"line":155,"column":4}}]},"16":{"line":156,"type":"if","locations":[{"start":{"line":156,"column":4},"end":{"line":156,"column":4}},{"start":{"line":156,"column":4},"end":{"line":156,"column":4}}]},"17":{"line":157,"type":"if","locations":[{"start":{"line":157,"column":4},"end":{"line":157,"column":4}},{"start":{"line":157,"column":4},"end":{"line":157,"column":4}}]},"18":{"line":158,"type":"if","locations":[{"start":{"line":158,"column":4},"end":{"line":158,"column":4}},{"start":{"line":158,"column":4},"end":{"line":158,"column":4}}]},"19":{"line":161,"type":"if","locations":[{"start":{"line":161,"column":4},"end":{"line":161,"column":4}},{"start":{"line":161,"column":4},"end":{"line":161,"column":4}}]},"20":{"line":168,"type":"if","locations":[{"start":{"line":168,"column":4},"end":{"line":168,"column":4}},{"start":{"line":168,"column":4},"end":{"line":168,"column":4}}]},"21":{"line":183,"type":"if","locations":[{"start":{"line":183,"column":4},"end":{"line":183,"column":4}},{"start":{"line":183,"column":4},"end":{"line":183,"column":4}}]},"22":{"line":185,"type":"if","locations":[{"start":{"line":185,"column":4},"end":{"line":185,"column":4}},{"start":{"line":185,"column":4},"end":{"line":185,"column":4}}]},"23":{"line":186,"type":"if","locations":[{"start":{"line":186,"column":4},"end":{"line":186,"column":4}},{"start":{"line":186,"column":4},"end":{"line":186,"column":4}}]},"24":{"line":187,"type":"if","locations":[{"start":{"line":187,"column":4},"end":{"line":187,"column":4}},{"start":{"line":187,"column":4},"end":{"line":187,"column":4}}]},"25":{"line":207,"type":"if","locations":[{"start":{"line":207,"column":4},"end":{"line":207,"column":4}},{"start":{"line":207,"column":4},"end":{"line":207,"column":4}}]},"26":{"line":208,"type":"if","locations":[{"start":{"line":208,"column":4},"end":{"line":208,"column":4}},{"start":{"line":208,"column":4},"end":{"line":208,"column":4}}]},"27":{"line":209,"type":"if","locations":[{"start":{"line":209,"column":4},"end":{"line":209,"column":4}},{"start":{"line":209,"column":4},"end":{"line":209,"column":4}}]},"28":{"line":227,"type":"if","locations":[{"start":{"line":227,"column":4},"end":{"line":227,"column":4}},{"start":{"line":227,"column":4},"end":{"line":227,"column":4}}]}}},"contracts/Test/ContractAccount1.sol":{"l":{"10":3,"17":1,"18":1},"path":"/Users/thegreathb/workspace/NFTEX/contracts/Test/ContractAccount1.sol","s":{"1":3,"2":1,"3":1},"b":{"1":[1,0]},"f":{"1":3,"2":1},"fnMap":{"1":{"name":"constructor","line":9,"loc":{"start":{"line":9,"column":4},"end":{"line":11,"column":4}}},"2":{"name":"bid","line":16,"loc":{"start":{"line":16,"column":4},"end":{"line":19,"column":4}}}},"statementMap":{"1":{"start":{"line":10,"column":8},"end":{"line":10,"column":22}},"2":{"start":{"line":17,"column":8},"end":{"line":17,"column":109}},"3":{"start":{"line":18,"column":8},"end":{"line":18,"column":23}}},"branchMap":{"1":{"line":18,"type":"if","locations":[{"start":{"line":18,"column":8},"end":{"line":18,"column":8}},{"start":{"line":18,"column":8},"end":{"line":18,"column":8}}]}}},"contracts/Test/ContractAccount2.sol":{"l":{"11":3,"12":3,"16":2,"20":1,"21":1},"path":"/Users/thegreathb/workspace/NFTEX/contracts/Test/ContractAccount2.sol","s":{"1":3,"2":3,"3":1,"4":1},"b":{"1":[1,0]},"f":{"1":3,"2":1},"fnMap":{"1":{"name":"constructor","line":10,"loc":{"start":{"line":10,"column":4},"end":{"line":13,"column":4}}},"2":{"name":"bid","line":19,"loc":{"start":{"line":19,"column":4},"end":{"line":22,"column":4}}}},"statementMap":{"1":{"start":{"line":11,"column":8},"end":{"line":11,"column":22}},"2":{"start":{"line":12,"column":8},"end":{"line":12,"column":25}},"3":{"start":{"line":20,"column":8},"end":{"line":20,"column":109}},"4":{"start":{"line":21,"column":8},"end":{"line":21,"column":23}}},"branchMap":{"1":{"line":21,"type":"if","locations":[{"start":{"line":21,"column":8},"end":{"line":21,"column":8}},{"start":{"line":21,"column":8},"end":{"line":21,"column":8}}]}}},"contracts/Test/Token.sol":{"l":{"8":52},"path":"/Users/thegreathb/workspace/NFTEX/contracts/Test/Token.sol","s":{"1":52},"b":{},"f":{"1":52},"fnMap":{"1":{"name":"mint","line":7,"loc":{"start":{"line":7,"column":4},"end":{"line":9,"column":4}}}},"statementMap":{"1":{"start":{"line":8,"column":8},"end":{"line":8,"column":23}}},"branchMap":{}}}