TN:
SF:/Users/thegreathb/workspace/NFTEX/contracts/NFTEX.sol
FN:37,constructor
FN:45,getCurrentPrice
FN:61,tokenOrderLength
FN:65,sellerOrderLength
FN:72,dutchAuction
FN:77,englishAuction
FN:81,fixedPrice
FN:85,_makeOrder
FN:107,_hash
FN:121,bid
FN:152,buyItNow
FN:179,claim
FN:205,cancelOrder
FN:222,setFeeAddress
FN:226,updateFeePercent
FNF:15
FNH:15
FNDA:40,constructor
FNDA:20,getCurrentPrice
FNDA:6,tokenOrderLength
FNDA:7,sellerOrderLength
FNDA:12,dutchAuction
FNDA:14,englishAuction
FNDA:14,fixedPrice
FNDA:39,_makeOrder
FNDA:36,_hash
FNDA:23,bid
FNDA:17,buyItNow
FNDA:7,claim
FNDA:7,cancelOrder
FNDA:4,setFeeAddress
FNDA:2,updateFeePercent
DA:38,40
DA:39,39
DA:40,39
DA:46,20
DA:47,20
DA:48,20
DA:49,9
DA:51,4
DA:52,4
DA:54,7
DA:55,7
DA:56,7
DA:57,7
DA:62,6
DA:66,7
DA:73,12
DA:74,11
DA:78,14
DA:82,14
DA:93,39
DA:96,36
DA:97,36
DA:98,36
DA:99,36
DA:102,36
DA:104,33
DA:108,36
DA:122,23
DA:123,23
DA:124,23
DA:125,23
DA:127,23
DA:128,21
DA:129,20
DA:130,17
DA:132,16
DA:133,8
DA:135,8
DA:138,13
DA:139,2
DA:142,13
DA:143,13
DA:145,13
DA:146,7
DA:149,13
DA:153,17
DA:154,17
DA:155,17
DA:156,16
DA:157,14
DA:158,13
DA:160,11
DA:161,11
DA:163,9
DA:165,9
DA:166,9
DA:167,9
DA:168,9
DA:169,5
DA:172,9
DA:174,9
DA:180,7
DA:181,7
DA:182,7
DA:183,7
DA:185,6
DA:186,5
DA:187,3
DA:189,2
DA:190,2
DA:191,2
DA:193,2
DA:195,2
DA:197,2
DA:198,2
DA:199,2
DA:201,2
DA:206,7
DA:207,7
DA:208,6
DA:209,5
DA:211,4
DA:212,4
DA:214,4
DA:216,4
DA:217,4
DA:223,4
DA:227,2
DA:228,1
LF:89
LH:89
BRDA:38,1,0,39
BRDA:38,1,1,1
BRDA:48,2,0,9
BRDA:48,2,1,11
BRDA:50,3,0,4
BRDA:50,3,1,7
BRDA:73,4,0,11
BRDA:73,4,1,1
BRDA:93,5,0,36
BRDA:93,5,1,3
BRDA:127,6,0,21
BRDA:127,6,1,2
BRDA:128,7,0,20
BRDA:128,7,1,1
BRDA:129,8,0,17
BRDA:129,8,1,3
BRDA:130,9,0,16
BRDA:130,9,1,1
BRDA:132,10,0,8
BRDA:132,10,1,8
BRDA:133,11,0,7
BRDA:133,11,1,1
BRDA:135,12,0,6
BRDA:135,12,1,2
BRDA:138,13,0,2
BRDA:138,13,1,11
BRDA:145,14,0,7
BRDA:145,14,1,6
BRDA:155,15,0,16
BRDA:155,15,1,1
BRDA:156,16,0,14
BRDA:156,16,1,2
BRDA:157,17,0,13
BRDA:157,17,1,1
BRDA:158,18,0,11
BRDA:158,18,1,2
BRDA:161,19,0,9
BRDA:161,19,1,2
BRDA:168,20,0,5
BRDA:168,20,1,4
BRDA:183,21,0,6
BRDA:183,21,1,1
BRDA:185,22,0,5
BRDA:185,22,1,1
BRDA:186,23,0,3
BRDA:186,23,1,2
BRDA:187,24,0,2
BRDA:187,24,1,1
BRDA:207,25,0,6
BRDA:207,25,1,1
BRDA:208,26,0,5
BRDA:208,26,1,1
BRDA:209,27,0,4
BRDA:209,27,1,1
BRDA:227,28,0,1
BRDA:227,28,1,1
BRF:56
BRH:56
end_of_record
TN:
SF:/Users/thegreathb/workspace/NFTEX/contracts/Test/ContractAccount1.sol
FN:9,constructor
FN:16,bid
FNF:2
FNH:2
FNDA:3,constructor
FNDA:1,bid
DA:10,3
DA:17,1
DA:18,1
LF:3
LH:3
BRDA:18,1,0,1
BRDA:18,1,1,0
BRF:2
BRH:1
end_of_record
TN:
SF:/Users/thegreathb/workspace/NFTEX/contracts/Test/ContractAccount2.sol
FN:10,constructor
FN:19,bid
FNF:2
FNH:2
FNDA:3,constructor
FNDA:1,bid
DA:11,3
DA:12,3
DA:16,2
DA:20,1
DA:21,1
LF:5
LH:5
BRDA:21,1,0,1
BRDA:21,1,1,0
BRF:2
BRH:1
end_of_record
TN:
SF:/Users/thegreathb/workspace/NFTEX/contracts/Test/Token.sol
FN:7,mint
FNF:1
FNH:1
FNDA:52,mint
DA:8,52
LF:1
LH:1
BRF:0
BRH:0
end_of_record
